2019-01-03 15:10:57,232 [DEBUG]  (BaseJdbcLogger.java.debug:139) - ==>  Preparing: SELECT count(*) FROM gdb_district a 
2019-01-03 15:10:57,271 [DEBUG]  (BaseJdbcLogger.java.debug:139) - ==> Parameters: 
2019-01-03 15:10:57,307 [DEBUG]  (BaseJdbcLogger.java.debug:139) - <==      Total: 1
2019-01-03 15:10:57,316 [DEBUG]  (BaseJdbcLogger.java.debug:139) - ==>  Preparing: SELECT a.district_id as addrId, a.name as name, a.x_coordinate as x, a.y_coordinate as y, 'district' as dataType FROM gdb_district a limit ? offset ? 
2019-01-03 15:10:57,317 [DEBUG]  (BaseJdbcLogger.java.debug:139) - ==> Parameters: 5(Integer), 0(Integer)
2019-01-03 15:10:57,337 [DEBUG]  (BaseJdbcLogger.java.debug:139) - <==      Total: 5
2019-01-03 15:12:17,963 [DEBUG]  (BaseJdbcLogger.java.debug:139) - ==>  Preparing: SELECT count(*) FROM gdb_district a 
2019-01-03 15:12:17,965 [DEBUG]  (BaseJdbcLogger.java.debug:139) - ==> Parameters: 
2019-01-03 15:12:17,969 [DEBUG]  (BaseJdbcLogger.java.debug:139) - <==      Total: 1
2019-01-03 15:12:17,970 [DEBUG]  (BaseJdbcLogger.java.debug:139) - ==>  Preparing: SELECT a.district_id as addrId, a.name as name, a.x_coordinate as x, a.y_coordinate as y, 'district' as dataType FROM gdb_district a limit ? offset ? 
2019-01-03 15:12:17,971 [DEBUG]  (BaseJdbcLogger.java.debug:139) - ==> Parameters: 5(Integer), 0(Integer)
2019-01-03 15:12:17,978 [DEBUG]  (BaseJdbcLogger.java.debug:139) - <==      Total: 5
2019-01-03 15:14:06,996 [DEBUG]  (BaseJdbcLogger.java.debug:139) - ==>  Preparing: SELECT count(*) FROM ((SELECT p.road_id AS id, p.village_id, p.adcode, p.poi_type, p.x_coordinate AS x, p.y_coordinate AS y, p.name, p.full_name AS fullname, ((p.name)::text) AS address FROM gdb_road p) UNION ALL (SELECT p.road_branch_id AS id, p.village_id, p.adcode, p.poi_type, p.x_coordinate AS x, p.y_coordinate AS y, p.name, p.full_name AS fullname, (((CASE WHEN (p.road_id IS NULL) THEN ''::character varying ELSE (SELECT g.name FROM gdb_road g WHERE ((p.road_id IS NOT NULL) AND (g.road_id = p.road_id))) END)::text) || (p.name)::text) AS address FROM gdb_road_branch p)) p WHERE p.village_id = ? 
2019-01-03 15:14:06,997 [DEBUG]  (BaseJdbcLogger.java.debug:139) - ==> Parameters: 15154(Integer)
2019-01-03 15:14:07,013 [DEBUG]  (BaseJdbcLogger.java.debug:139) - <==      Total: 1
2019-01-03 15:14:47,685 [DEBUG]  (BaseJdbcLogger.java.debug:139) - ==>  Preparing: SELECT count(*) FROM ((SELECT p.road_id AS id, p.village_id, p.adcode, p.poi_type, p.x_coordinate AS x, p.y_coordinate AS y, p.name, p.full_name AS fullname, ((p.name)::text) AS address FROM gdb_road p) UNION ALL (SELECT p.road_branch_id AS id, p.village_id, p.adcode, p.poi_type, p.x_coordinate AS x, p.y_coordinate AS y, p.name, p.full_name AS fullname, (((CASE WHEN (p.road_id IS NULL) THEN ''::character varying ELSE (SELECT g.name FROM gdb_road g WHERE ((p.road_id IS NOT NULL) AND (g.road_id = p.road_id))) END)::text) || (p.name)::text) AS address FROM gdb_road_branch p)) p 
2019-01-03 15:14:47,686 [DEBUG]  (BaseJdbcLogger.java.debug:139) - ==> Parameters: 
2019-01-03 15:14:47,695 [DEBUG]  (BaseJdbcLogger.java.debug:139) - <==      Total: 1
2019-01-03 15:14:47,695 [DEBUG]  (BaseJdbcLogger.java.debug:139) - ==>  Preparing: SELECT p.id as addrId, p.address as name , p.x as x, p.y as y, 'road' as dataType FROM ( SELECT p.road_id AS id,p.village_id, p.adcode, p.poi_type, p.x_coordinate AS x, p.y_coordinate AS y, p.name, p.full_name AS fullname, ((p.name)::text) AS address FROM gdb_road p UNION ALL SELECT p.road_branch_id AS id,p.village_id,p.adcode, p.poi_type, p.x_coordinate AS x, p.y_coordinate AS y, p.name, p.full_name AS fullname, ((( CASE WHEN (p.road_id IS NULL) THEN ''::character varying ELSE ( SELECT g.name FROM gdb_road g WHERE ((p.road_id IS NOT NULL) AND (g.road_id = p.road_id))) END)::text) || (p.name)::text) AS address FROM gdb_road_branch p ) p limit ? offset ? 
2019-01-03 15:14:47,696 [DEBUG]  (BaseJdbcLogger.java.debug:139) - ==> Parameters: 5(Integer), 0(Integer)
2019-01-03 15:14:47,706 [DEBUG]  (BaseJdbcLogger.java.debug:139) - <==      Total: 5
2019-01-03 15:16:38,462 [DEBUG]  (BaseJdbcLogger.java.debug:139) - ==>  Preparing: SELECT count(*) FROM ((SELECT streetno_sub_id AS id, p.road_id, p.road_branch_id, p.adcode, p.poi_type, p.x_coordinate AS x, p.y_coordinate AS y, p.name, p.full_name AS fullname, (((CASE WHEN (p.streetno_id IS NULL) THEN ''::character varying ELSE (SELECT i.name FROM gdb_streetno i WHERE ((p.streetno_id IS NOT NULL) AND (i.streetno_id = p.streetno_id))) END)::text) || (p.name)::text) AS address FROM gdb_streetno_sub p) UNION ALL (SELECT p.streetno_id AS id, p.road_id, p.road_branch_id, p.adcode, p.poi_type, p.x_coordinate AS x, p.y_coordinate AS y, p.name, p.full_name AS fullname, ((p.name)::text) AS address FROM gdb_streetno p)) p WHERE p.road_id = ? OR p.road_branch_id = ? 
2019-01-03 15:16:38,496 [DEBUG]  (BaseJdbcLogger.java.debug:139) - ==> Parameters: 87849297(Integer), 87849297(Integer)
2019-01-03 15:16:38,697 [DEBUG]  (BaseJdbcLogger.java.debug:139) - <==      Total: 1
2019-01-03 15:16:38,699 [DEBUG]  (BaseJdbcLogger.java.debug:139) - ==>  Preparing: SELECT p.id as addrId, p.address as name , p.x as x, p.y as y, 'streetno' as dataType FROM( SELECT streetno_sub_id AS id,p.road_id,p.road_branch_id, p.adcode, p.poi_type, p.x_coordinate AS x, p.y_coordinate AS y, p.name, p.full_name AS fullname, (((CASE WHEN (p.streetno_id IS NULL) THEN ''::character varying ELSE ( SELECT i.name FROM gdb_streetno i WHERE ((p.streetno_id IS NOT NULL) AND (i.streetno_id = p.streetno_id))) END)::text) || (p.name)::text) AS address FROM gdb_streetno_sub p UNION ALL SELECT p.streetno_id AS id,p.road_id,p.road_branch_id, p.adcode, p.poi_type, p.x_coordinate AS x, p.y_coordinate AS y, p.name, p.full_name AS fullname, ( (p.name)::text) AS address FROM gdb_streetno p)p WHERE p.road_id=? or p.road_branch_id=? limit ? offset ? 
2019-01-03 15:16:38,702 [DEBUG]  (BaseJdbcLogger.java.debug:139) - ==> Parameters: 87849297(Integer), 87849297(Integer), 5(Integer), 0(Integer)
2019-01-03 15:16:38,826 [DEBUG]  (BaseJdbcLogger.java.debug:139) - <==      Total: 2
2019-01-03 15:18:12,874 [DEBUG]  (BaseJdbcLogger.java.debug:139) - ==>  Preparing: SELECT count(*) FROM gdb_community a WHERE a.village_id = ? 
2019-01-03 15:18:12,875 [DEBUG]  (BaseJdbcLogger.java.debug:139) - ==> Parameters: 88220942(Integer)
2019-01-03 15:18:12,879 [DEBUG]  (BaseJdbcLogger.java.debug:139) - <==      Total: 1
