2019-01-15 10:14:23,167 [WARN ]  (ClientCnxn.java.run:1102) - Session 0x0 for server null, unexpected error, closing socket connection and attempting reconnect
java.net.ConnectException: Connection refused: no further information
	at sun.nio.ch.SocketChannelImpl.checkConnect(Native Method)
	at sun.nio.ch.SocketChannelImpl.finishConnect(SocketChannelImpl.java:717)
	at org.apache.zookeeper.ClientCnxnSocketNIO.doTransport(ClientCnxnSocketNIO.java:361)
	at org.apache.zookeeper.ClientCnxn$SendThread.run(ClientCnxn.java:1081)
2019-01-15 10:14:25,333 [WARN ]  (ClientCnxn.java.run:1102) - Session 0x0 for server null, unexpected error, closing socket connection and attempting reconnect
java.net.ConnectException: Connection refused: no further information
	at sun.nio.ch.SocketChannelImpl.checkConnect(Native Method)
	at sun.nio.ch.SocketChannelImpl.finishConnect(SocketChannelImpl.java:717)
	at org.apache.zookeeper.ClientCnxnSocketNIO.doTransport(ClientCnxnSocketNIO.java:361)
	at org.apache.zookeeper.ClientCnxn$SendThread.run(ClientCnxn.java:1081)
2019-01-15 10:14:27,435 [WARN ]  (ClientCnxn.java.run:1102) - Session 0x0 for server null, unexpected error, closing socket connection and attempting reconnect
java.net.ConnectException: Connection refused: no further information
	at sun.nio.ch.SocketChannelImpl.checkConnect(Native Method)
	at sun.nio.ch.SocketChannelImpl.finishConnect(SocketChannelImpl.java:717)
	at org.apache.zookeeper.ClientCnxnSocketNIO.doTransport(ClientCnxnSocketNIO.java:361)
	at org.apache.zookeeper.ClientCnxn$SendThread.run(ClientCnxn.java:1081)
2019-01-15 10:14:29,537 [WARN ]  (ClientCnxn.java.run:1102) - Session 0x0 for server null, unexpected error, closing socket connection and attempting reconnect
java.net.ConnectException: Connection refused: no further information
	at sun.nio.ch.SocketChannelImpl.checkConnect(Native Method)
	at sun.nio.ch.SocketChannelImpl.finishConnect(SocketChannelImpl.java:717)
	at org.apache.zookeeper.ClientCnxnSocketNIO.doTransport(ClientCnxnSocketNIO.java:361)
	at org.apache.zookeeper.ClientCnxn$SendThread.run(ClientCnxn.java:1081)
2019-01-15 10:14:31,646 [WARN ]  (ClientCnxn.java.run:1102) - Session 0x0 for server null, unexpected error, closing socket connection and attempting reconnect
java.net.ConnectException: Connection refused: no further information
	at sun.nio.ch.SocketChannelImpl.checkConnect(Native Method)
	at sun.nio.ch.SocketChannelImpl.finishConnect(SocketChannelImpl.java:717)
	at org.apache.zookeeper.ClientCnxnSocketNIO.doTransport(ClientCnxnSocketNIO.java:361)
	at org.apache.zookeeper.ClientCnxn$SendThread.run(ClientCnxn.java:1081)
2019-01-15 10:14:33,748 [WARN ]  (ClientCnxn.java.run:1102) - Session 0x0 for server null, unexpected error, closing socket connection and attempting reconnect
java.net.ConnectException: Connection refused: no further information
	at sun.nio.ch.SocketChannelImpl.checkConnect(Native Method)
	at sun.nio.ch.SocketChannelImpl.finishConnect(SocketChannelImpl.java:717)
	at org.apache.zookeeper.ClientCnxnSocketNIO.doTransport(ClientCnxnSocketNIO.java:361)
	at org.apache.zookeeper.ClientCnxn$SendThread.run(ClientCnxn.java:1081)
2019-01-15 10:14:35,856 [WARN ]  (ClientCnxn.java.run:1102) - Session 0x0 for server null, unexpected error, closing socket connection and attempting reconnect
java.net.ConnectException: Connection refused: no further information
	at sun.nio.ch.SocketChannelImpl.checkConnect(Native Method)
	at sun.nio.ch.SocketChannelImpl.finishConnect(SocketChannelImpl.java:717)
	at org.apache.zookeeper.ClientCnxnSocketNIO.doTransport(ClientCnxnSocketNIO.java:361)
	at org.apache.zookeeper.ClientCnxn$SendThread.run(ClientCnxn.java:1081)
2019-01-15 10:14:37,957 [WARN ]  (ClientCnxn.java.run:1102) - Session 0x0 for server null, unexpected error, closing socket connection and attempting reconnect
java.net.ConnectException: Connection refused: no further information
	at sun.nio.ch.SocketChannelImpl.checkConnect(Native Method)
	at sun.nio.ch.SocketChannelImpl.finishConnect(SocketChannelImpl.java:717)
	at org.apache.zookeeper.ClientCnxnSocketNIO.doTransport(ClientCnxnSocketNIO.java:361)
	at org.apache.zookeeper.ClientCnxn$SendThread.run(ClientCnxn.java:1081)
2019-01-15 10:14:40,060 [WARN ]  (ClientCnxn.java.run:1102) - Session 0x0 for server null, unexpected error, closing socket connection and attempting reconnect
java.net.ConnectException: Connection refused: no further information
	at sun.nio.ch.SocketChannelImpl.checkConnect(Native Method)
	at sun.nio.ch.SocketChannelImpl.finishConnect(SocketChannelImpl.java:717)
	at org.apache.zookeeper.ClientCnxnSocketNIO.doTransport(ClientCnxnSocketNIO.java:361)
	at org.apache.zookeeper.ClientCnxn$SendThread.run(ClientCnxn.java:1081)
2019-01-15 10:14:42,163 [WARN ]  (ClientCnxn.java.run:1102) - Session 0x0 for server null, unexpected error, closing socket connection and attempting reconnect
java.net.ConnectException: Connection refused: no further information
	at sun.nio.ch.SocketChannelImpl.checkConnect(Native Method)
	at sun.nio.ch.SocketChannelImpl.finishConnect(SocketChannelImpl.java:717)
	at org.apache.zookeeper.ClientCnxnSocketNIO.doTransport(ClientCnxnSocketNIO.java:361)
	at org.apache.zookeeper.ClientCnxn$SendThread.run(ClientCnxn.java:1081)
2019-01-15 10:14:44,265 [WARN ]  (ClientCnxn.java.run:1102) - Session 0x0 for server null, unexpected error, closing socket connection and attempting reconnect
java.net.ConnectException: Connection refused: no further information
	at sun.nio.ch.SocketChannelImpl.checkConnect(Native Method)
	at sun.nio.ch.SocketChannelImpl.finishConnect(SocketChannelImpl.java:717)
	at org.apache.zookeeper.ClientCnxnSocketNIO.doTransport(ClientCnxnSocketNIO.java:361)
	at org.apache.zookeeper.ClientCnxn$SendThread.run(ClientCnxn.java:1081)
2019-01-15 10:14:46,369 [WARN ]  (ClientCnxn.java.run:1102) - Session 0x0 for server null, unexpected error, closing socket connection and attempting reconnect
java.net.ConnectException: Connection refused: no further information
	at sun.nio.ch.SocketChannelImpl.checkConnect(Native Method)
	at sun.nio.ch.SocketChannelImpl.finishConnect(SocketChannelImpl.java:717)
	at org.apache.zookeeper.ClientCnxnSocketNIO.doTransport(ClientCnxnSocketNIO.java:361)
	at org.apache.zookeeper.ClientCnxn$SendThread.run(ClientCnxn.java:1081)
2019-01-15 10:14:48,477 [WARN ]  (ClientCnxn.java.run:1102) - Session 0x0 for server null, unexpected error, closing socket connection and attempting reconnect
java.net.ConnectException: Connection refused: no further information
	at sun.nio.ch.SocketChannelImpl.checkConnect(Native Method)
	at sun.nio.ch.SocketChannelImpl.finishConnect(SocketChannelImpl.java:717)
	at org.apache.zookeeper.ClientCnxnSocketNIO.doTransport(ClientCnxnSocketNIO.java:361)
	at org.apache.zookeeper.ClientCnxn$SendThread.run(ClientCnxn.java:1081)
2019-01-15 10:14:50,578 [WARN ]  (ClientCnxn.java.run:1102) - Session 0x0 for server null, unexpected error, closing socket connection and attempting reconnect
java.net.ConnectException: Connection refused: no further information
	at sun.nio.ch.SocketChannelImpl.checkConnect(Native Method)
	at sun.nio.ch.SocketChannelImpl.finishConnect(SocketChannelImpl.java:717)
	at org.apache.zookeeper.ClientCnxnSocketNIO.doTransport(ClientCnxnSocketNIO.java:361)
	at org.apache.zookeeper.ClientCnxn$SendThread.run(ClientCnxn.java:1081)
2019-01-15 10:14:52,679 [WARN ]  (ClientCnxn.java.run:1102) - Session 0x0 for server null, unexpected error, closing socket connection and attempting reconnect
java.net.ConnectException: Connection refused: no further information
	at sun.nio.ch.SocketChannelImpl.checkConnect(Native Method)
	at sun.nio.ch.SocketChannelImpl.finishConnect(SocketChannelImpl.java:717)
	at org.apache.zookeeper.ClientCnxnSocketNIO.doTransport(ClientCnxnSocketNIO.java:361)
	at org.apache.zookeeper.ClientCnxn$SendThread.run(ClientCnxn.java:1081)
2019-01-15 10:14:54,786 [WARN ]  (ClientCnxn.java.run:1102) - Session 0x0 for server null, unexpected error, closing socket connection and attempting reconnect
java.net.ConnectException: Connection refused: no further information
	at sun.nio.ch.SocketChannelImpl.checkConnect(Native Method)
	at sun.nio.ch.SocketChannelImpl.finishConnect(SocketChannelImpl.java:717)
	at org.apache.zookeeper.ClientCnxnSocketNIO.doTransport(ClientCnxnSocketNIO.java:361)
	at org.apache.zookeeper.ClientCnxn$SendThread.run(ClientCnxn.java:1081)
2019-01-15 10:14:56,888 [WARN ]  (ClientCnxn.java.run:1102) - Session 0x0 for server null, unexpected error, closing socket connection and attempting reconnect
java.net.ConnectException: Connection refused: no further information
	at sun.nio.ch.SocketChannelImpl.checkConnect(Native Method)
	at sun.nio.ch.SocketChannelImpl.finishConnect(SocketChannelImpl.java:717)
	at org.apache.zookeeper.ClientCnxnSocketNIO.doTransport(ClientCnxnSocketNIO.java:361)
	at org.apache.zookeeper.ClientCnxn$SendThread.run(ClientCnxn.java:1081)
2019-01-15 10:14:58,990 [WARN ]  (ClientCnxn.java.run:1102) - Session 0x0 for server null, unexpected error, closing socket connection and attempting reconnect
java.net.ConnectException: Connection refused: no further information
	at sun.nio.ch.SocketChannelImpl.checkConnect(Native Method)
	at sun.nio.ch.SocketChannelImpl.finishConnect(SocketChannelImpl.java:717)
	at org.apache.zookeeper.ClientCnxnSocketNIO.doTransport(ClientCnxnSocketNIO.java:361)
	at org.apache.zookeeper.ClientCnxn$SendThread.run(ClientCnxn.java:1081)
2019-01-15 10:15:01,091 [WARN ]  (ClientCnxn.java.run:1102) - Session 0x0 for server null, unexpected error, closing socket connection and attempting reconnect
java.net.ConnectException: Connection refused: no further information
	at sun.nio.ch.SocketChannelImpl.checkConnect(Native Method)
	at sun.nio.ch.SocketChannelImpl.finishConnect(SocketChannelImpl.java:717)
	at org.apache.zookeeper.ClientCnxnSocketNIO.doTransport(ClientCnxnSocketNIO.java:361)
	at org.apache.zookeeper.ClientCnxn$SendThread.run(ClientCnxn.java:1081)
2019-01-15 14:23:56,737 [WARN ]  (AbstractServer.java.disconnected:197) -  [DUBBO] All clients has discontected from /192.168.20.26:21884. You can graceful shutdown now., dubbo version: 2.5.3, current host: 127.0.0.1
2019-01-15 14:40:33,359 [WARN ]  (AbstractServer.java.disconnected:197) -  [DUBBO] All clients has discontected from /192.168.20.26:21884. You can graceful shutdown now., dubbo version: 2.5.3, current host: 127.0.0.1
2019-01-15 14:46:55,510 [WARN ]  (AbstractServer.java.disconnected:197) -  [DUBBO] All clients has discontected from /192.168.20.26:21884. You can graceful shutdown now., dubbo version: 2.5.3, current host: 127.0.0.1
2019-01-15 18:29:44,484 [WARN ]  (AbstractServer.java.disconnected:197) -  [DUBBO] All clients has discontected from /192.168.20.26:21884. You can graceful shutdown now., dubbo version: 2.5.3, current host: 127.0.0.1
2019-01-15 18:40:15,081 [WARN ]  (AbstractServer.java.disconnected:197) -  [DUBBO] All clients has discontected from /192.168.20.26:21884. You can graceful shutdown now., dubbo version: 2.5.3, current host: 127.0.0.1
2019-01-15 18:40:15,114 [WARN ]  (ChannelEventRunnable.java.run:84) -  [DUBBO] ChannelEventRunnable handle RECEIVED operation error, channel is NettyChannel [channel=[id: 0x69479690, /192.168.20.26:29079 :> /192.168.20.26:21884]], message is Request [id=0, version=2.0.0, twoway=true, event=false, broken=false, data=RpcInvocation [methodName=SearchByID, parameterTypes=[class com.tscloud.address.domain.entity.SearchByIDParams], arguments=[com.tscloud.address.domain.entity.SearchByIDParams@5cde68de], attachments={path=com.tscloud.address.domain.provider.ISearchProvider, input=364, dubbo=2.5.3, interface=com.tscloud.address.domain.provider.ISearchProvider, version=0.0.0, timeout=60000}]], dubbo version: 2.5.3, current host: 127.0.0.1
com.alibaba.dubbo.remoting.RemotingException: Failed to send message Response [id=0, version=2.0.0, status=20, event=false, error=null, result=RpcResult [result=null, exception=java.lang.RuntimeException: org.apache.ibatis.binding.BindingException: Invalid bound statement (not found): com.tscloud.address.server.mapper.SearchMapper.SearchByID
org.apache.ibatis.binding.BindingException: Invalid bound statement (not found): com.tscloud.address.server.mapper.SearchMapper.SearchByID
	at org.apache.ibatis.binding.MapperMethod$SqlCommand.<init>(MapperMethod.java:189)
	at org.apache.ibatis.binding.MapperMethod.<init>(MapperMethod.java:43)
	at org.apache.ibatis.binding.MapperProxy.cachedMapperMethod(MapperProxy.java:58)
	at org.apache.ibatis.binding.MapperProxy.invoke(MapperProxy.java:51)
	at com.sun.proxy.$Proxy17.SearchByID(Unknown Source)
	at com.tscloud.address.server.service.SearchServiceImpl.SearchByID(SearchServiceImpl.java:33)
	at com.tscloud.address.server.service.SearchServiceImpl$$FastClassBySpringCGLIB$$660c8908.invoke(<generated>)
	at org.springframework.cglib.proxy.MethodProxy.invoke(MethodProxy.java:204)
	at org.springframework.aop.framework.CglibAopProxy$CglibMethodInvocation.invokeJoinpoint(CglibAopProxy.java:717)
	at org.springframework.aop.framework.ReflectiveMethodInvocation.proceed(ReflectiveMethodInvocation.java:157)
	at org.springframework.transaction.interceptor.TransactionInterceptor$1.proceedWithInvocation(TransactionInterceptor.java:99)
	at org.springframework.transaction.interceptor.TransactionAspectSupport.invokeWithinTransaction(TransactionAspectSupport.java:281)
	at org.springframework.transaction.interceptor.TransactionInterceptor.invoke(TransactionInterceptor.java:96)
	at org.springframework.aop.framework.ReflectiveMethodInvocation.proceed(ReflectiveMethodInvocation.java:179)
	at org.springframework.aop.interceptor.ExposeInvocationInterceptor.invoke(ExposeInvocationInterceptor.java:92)
	at org.springframework.aop.framework.ReflectiveMethodInvocation.proceed(ReflectiveMethodInvocation.java:179)
	at org.springframework.aop.framework.CglibAopProxy$DynamicAdvisedInterceptor.intercept(CglibAopProxy.java:653)
	at com.tscloud.address.server.service.SearchServiceImpl$$EnhancerBySpringCGLIB$$ee7edb99.SearchByID(<generated>)
	at com.tscloud.address.server.provider.SearchProviderImpl.SearchByID(SearchProviderImpl.java:40)
	at com.alibaba.dubbo.common.bytecode.Wrapper3.invokeMethod(Wrapper3.java)
	at com.alibaba.dubbo.rpc.proxy.javassist.JavassistProxyFactory$1.doInvoke(JavassistProxyFactory.java:46)
	at com.alibaba.dubbo.rpc.proxy.AbstractProxyInvoker.invoke(AbstractProxyInvoker.java:72)
	at com.alibaba.dubbo.rpc.protocol.InvokerWrapper.invoke(InvokerWrapper.java:53)
	at com.alibaba.dubbo.rpc.filter.ExceptionFilter.invoke(ExceptionFilter.java:64)
	at com.alibaba.dubbo.rpc.protocol.ProtocolFilterWrapper$1.invoke(ProtocolFilterWrapper.java:91)
	at com.alibaba.dubbo.monitor.support.MonitorFilter.invoke(MonitorFilter.java:75)
	at com.alibaba.dubbo.rpc.protocol.ProtocolFilterWrapper$1.invoke(ProtocolFilterWrapper.java:91)
	at com.alibaba.dubbo.rpc.filter.TimeoutFilter.invoke(TimeoutFilter.java:42)
	at com.alibaba.dubbo.rpc.protocol.ProtocolFilterWrapper$1.invoke(ProtocolFilterWrapper.java:91)
	at com.alibaba.dubbo.rpc.protocol.dubbo.filter.TraceFilter.invoke(TraceFilter.java:78)
	at com.alibaba.dubbo.rpc.protocol.ProtocolFilterWrapper$1.invoke(ProtocolFilterWrapper.java:91)
	at com.alibaba.dubbo.rpc.filter.ContextFilter.invoke(ContextFilter.java:60)
	at com.alibaba.dubbo.rpc.protocol.ProtocolFilterWrapper$1.invoke(ProtocolFilterWrapper.java:91)
	at com.alibaba.dubbo.rpc.filter.GenericFilter.invoke(GenericFilter.java:112)
	at com.alibaba.dubbo.rpc.protocol.ProtocolFilterWrapper$1.invoke(ProtocolFilterWrapper.java:91)
	at com.alibaba.dubbo.rpc.filter.ClassLoaderFilter.invoke(ClassLoaderFilter.java:38)
	at com.alibaba.dubbo.rpc.protocol.ProtocolFilterWrapper$1.invoke(ProtocolFilterWrapper.java:91)
	at com.alibaba.dubbo.rpc.filter.EchoFilter.invoke(EchoFilter.java:38)
	at com.alibaba.dubbo.rpc.protocol.ProtocolFilterWrapper$1.invoke(ProtocolFilterWrapper.java:91)
	at com.alibaba.dubbo.rpc.protocol.dubbo.DubboProtocol$1.reply(DubboProtocol.java:108)
	at com.alibaba.dubbo.remoting.exchange.support.header.HeaderExchangeHandler.handleRequest(HeaderExchangeHandler.java:84)
	at com.alibaba.dubbo.remoting.exchange.support.header.HeaderExchangeHandler.received(HeaderExchangeHandler.java:170)
	at com.alibaba.dubbo.remoting.transport.DecodeHandler.received(DecodeHandler.java:52)
	at com.alibaba.dubbo.remoting.transport.dispatcher.ChannelEventRunnable.run(ChannelEventRunnable.java:82)
	at java.util.concurrent.ThreadPoolExecutor.runWorker(ThreadPoolExecutor.java:1142)
	at java.util.concurrent.ThreadPoolExecutor$Worker.run(ThreadPoolExecutor.java:617)
	at java.lang.Thread.run(Thread.java:745)
]] to /192.168.20.26:29079, cause: null
	at com.alibaba.dubbo.remoting.transport.netty.NettyChannel.send(NettyChannel.java:108)
	at com.alibaba.dubbo.remoting.transport.AbstractPeer.send(AbstractPeer.java:51)
	at com.alibaba.dubbo.remoting.exchange.support.header.HeaderExchangeHandler.received(HeaderExchangeHandler.java:171)
	at com.alibaba.dubbo.remoting.transport.DecodeHandler.received(DecodeHandler.java:52)
	at com.alibaba.dubbo.remoting.transport.dispatcher.ChannelEventRunnable.run(ChannelEventRunnable.java:82)
	at java.util.concurrent.ThreadPoolExecutor.runWorker(ThreadPoolExecutor.java:1142)
	at java.util.concurrent.ThreadPoolExecutor$Worker.run(ThreadPoolExecutor.java:617)
	at java.lang.Thread.run(Thread.java:745)
Caused by: java.nio.channels.ClosedChannelException
	at org.jboss.netty.channel.socket.nio.NioWorker.cleanUpWriteBuffer(NioWorker.java:643)
	at org.jboss.netty.channel.socket.nio.NioWorker.writeFromUserCode(NioWorker.java:370)
	at org.jboss.netty.channel.socket.nio.NioServerSocketPipelineSink.handleAcceptedSocket(NioServerSocketPipelineSink.java:137)
	at org.jboss.netty.channel.socket.nio.NioServerSocketPipelineSink.eventSunk(NioServerSocketPipelineSink.java:76)
	at org.jboss.netty.channel.Channels.write(Channels.java:632)
	at org.jboss.netty.handler.codec.oneone.OneToOneEncoder.handleDownstream(OneToOneEncoder.java:70)
	at com.alibaba.dubbo.remoting.transport.netty.NettyHandler.writeRequested(NettyHandler.java:99)
	at org.jboss.netty.channel.Channels.write(Channels.java:611)
	at org.jboss.netty.channel.Channels.write(Channels.java:578)
	at org.jboss.netty.channel.AbstractChannel.write(AbstractChannel.java:251)
	at com.alibaba.dubbo.remoting.transport.netty.NettyChannel.send(NettyChannel.java:98)
	... 7 more
2019-01-15 19:04:47,659 [WARN ]  (AbstractServer.java.disconnected:197) -  [DUBBO] All clients has discontected from /192.168.20.26:21884. You can graceful shutdown now., dubbo version: 2.5.3, current host: 127.0.0.1
2019-01-15 19:04:47,665 [WARN ]  (ChannelEventRunnable.java.run:84) -  [DUBBO] ChannelEventRunnable handle RECEIVED operation error, channel is NettyChannel [channel=[id: 0x07adb75a, /192.168.20.26:30233 :> /192.168.20.26:21884]], message is Request [id=0, version=2.0.0, twoway=true, event=false, broken=false, data=RpcInvocation [methodName=SearchByID, parameterTypes=[class com.tscloud.address.domain.entity.SearchByIDParams], arguments=[com.tscloud.address.domain.entity.SearchByIDParams@51d7f97c], attachments={path=com.tscloud.address.domain.provider.ISearchProvider, input=364, dubbo=2.5.3, interface=com.tscloud.address.domain.provider.ISearchProvider, version=0.0.0, timeout=60000}]], dubbo version: 2.5.3, current host: 127.0.0.1
com.alibaba.dubbo.remoting.RemotingException: Failed to send message Response [id=0, version=2.0.0, status=20, event=false, error=null, result=RpcResult [result=null, exception=java.lang.RuntimeException: org.apache.ibatis.binding.BindingException: Invalid bound statement (not found): com.tscloud.address.server.mapper.SearchMapper.SearchByID
org.apache.ibatis.binding.BindingException: Invalid bound statement (not found): com.tscloud.address.server.mapper.SearchMapper.SearchByID
	at org.apache.ibatis.binding.MapperMethod$SqlCommand.<init>(MapperMethod.java:189)
	at org.apache.ibatis.binding.MapperMethod.<init>(MapperMethod.java:43)
	at org.apache.ibatis.binding.MapperProxy.cachedMapperMethod(MapperProxy.java:58)
	at org.apache.ibatis.binding.MapperProxy.invoke(MapperProxy.java:51)
	at com.sun.proxy.$Proxy17.SearchByID(Unknown Source)
	at com.tscloud.address.server.service.SearchServiceImpl.SearchByID(SearchServiceImpl.java:33)
	at com.tscloud.address.server.service.SearchServiceImpl$$FastClassBySpringCGLIB$$660c8908.invoke(<generated>)
	at org.springframework.cglib.proxy.MethodProxy.invoke(MethodProxy.java:204)
	at org.springframework.aop.framework.CglibAopProxy$CglibMethodInvocation.invokeJoinpoint(CglibAopProxy.java:717)
	at org.springframework.aop.framework.ReflectiveMethodInvocation.proceed(ReflectiveMethodInvocation.java:157)
	at org.springframework.transaction.interceptor.TransactionInterceptor$1.proceedWithInvocation(TransactionInterceptor.java:99)
	at org.springframework.transaction.interceptor.TransactionAspectSupport.invokeWithinTransaction(TransactionAspectSupport.java:281)
	at org.springframework.transaction.interceptor.TransactionInterceptor.invoke(TransactionInterceptor.java:96)
	at org.springframework.aop.framework.ReflectiveMethodInvocation.proceed(ReflectiveMethodInvocation.java:179)
	at org.springframework.aop.interceptor.ExposeInvocationInterceptor.invoke(ExposeInvocationInterceptor.java:92)
	at org.springframework.aop.framework.ReflectiveMethodInvocation.proceed(ReflectiveMethodInvocation.java:179)
	at org.springframework.aop.framework.CglibAopProxy$DynamicAdvisedInterceptor.intercept(CglibAopProxy.java:653)
	at com.tscloud.address.server.service.SearchServiceImpl$$EnhancerBySpringCGLIB$$c9754fb.SearchByID(<generated>)
	at com.tscloud.address.server.provider.SearchProviderImpl.SearchByID(SearchProviderImpl.java:40)
	at com.alibaba.dubbo.common.bytecode.Wrapper3.invokeMethod(Wrapper3.java)
	at com.alibaba.dubbo.rpc.proxy.javassist.JavassistProxyFactory$1.doInvoke(JavassistProxyFactory.java:46)
	at com.alibaba.dubbo.rpc.proxy.AbstractProxyInvoker.invoke(AbstractProxyInvoker.java:72)
	at com.alibaba.dubbo.rpc.protocol.InvokerWrapper.invoke(InvokerWrapper.java:53)
	at com.alibaba.dubbo.rpc.filter.ExceptionFilter.invoke(ExceptionFilter.java:64)
	at com.alibaba.dubbo.rpc.protocol.ProtocolFilterWrapper$1.invoke(ProtocolFilterWrapper.java:91)
	at com.alibaba.dubbo.monitor.support.MonitorFilter.invoke(MonitorFilter.java:75)
	at com.alibaba.dubbo.rpc.protocol.ProtocolFilterWrapper$1.invoke(ProtocolFilterWrapper.java:91)
	at com.alibaba.dubbo.rpc.filter.TimeoutFilter.invoke(TimeoutFilter.java:42)
	at com.alibaba.dubbo.rpc.protocol.ProtocolFilterWrapper$1.invoke(ProtocolFilterWrapper.java:91)
	at com.alibaba.dubbo.rpc.protocol.dubbo.filter.TraceFilter.invoke(TraceFilter.java:78)
	at com.alibaba.dubbo.rpc.protocol.ProtocolFilterWrapper$1.invoke(ProtocolFilterWrapper.java:91)
	at com.alibaba.dubbo.rpc.filter.ContextFilter.invoke(ContextFilter.java:60)
	at com.alibaba.dubbo.rpc.protocol.ProtocolFilterWrapper$1.invoke(ProtocolFilterWrapper.java:91)
	at com.alibaba.dubbo.rpc.filter.GenericFilter.invoke(GenericFilter.java:112)
	at com.alibaba.dubbo.rpc.protocol.ProtocolFilterWrapper$1.invoke(ProtocolFilterWrapper.java:91)
	at com.alibaba.dubbo.rpc.filter.ClassLoaderFilter.invoke(ClassLoaderFilter.java:38)
	at com.alibaba.dubbo.rpc.protocol.ProtocolFilterWrapper$1.invoke(ProtocolFilterWrapper.java:91)
	at com.alibaba.dubbo.rpc.filter.EchoFilter.invoke(EchoFilter.java:38)
	at com.alibaba.dubbo.rpc.protocol.ProtocolFilterWrapper$1.invoke(ProtocolFilterWrapper.java:91)
	at com.alibaba.dubbo.rpc.protocol.dubbo.DubboProtocol$1.reply(DubboProtocol.java:108)
	at com.alibaba.dubbo.remoting.exchange.support.header.HeaderExchangeHandler.handleRequest(HeaderExchangeHandler.java:84)
	at com.alibaba.dubbo.remoting.exchange.support.header.HeaderExchangeHandler.received(HeaderExchangeHandler.java:170)
	at com.alibaba.dubbo.remoting.transport.DecodeHandler.received(DecodeHandler.java:52)
	at com.alibaba.dubbo.remoting.transport.dispatcher.ChannelEventRunnable.run(ChannelEventRunnable.java:82)
	at java.util.concurrent.ThreadPoolExecutor.runWorker(ThreadPoolExecutor.java:1142)
	at java.util.concurrent.ThreadPoolExecutor$Worker.run(ThreadPoolExecutor.java:617)
	at java.lang.Thread.run(Thread.java:745)
]] to /192.168.20.26:30233, cause: null
	at com.alibaba.dubbo.remoting.transport.netty.NettyChannel.send(NettyChannel.java:108)
	at com.alibaba.dubbo.remoting.transport.AbstractPeer.send(AbstractPeer.java:51)
	at com.alibaba.dubbo.remoting.exchange.support.header.HeaderExchangeHandler.received(HeaderExchangeHandler.java:171)
	at com.alibaba.dubbo.remoting.transport.DecodeHandler.received(DecodeHandler.java:52)
	at com.alibaba.dubbo.remoting.transport.dispatcher.ChannelEventRunnable.run(ChannelEventRunnable.java:82)
	at java.util.concurrent.ThreadPoolExecutor.runWorker(ThreadPoolExecutor.java:1142)
	at java.util.concurrent.ThreadPoolExecutor$Worker.run(ThreadPoolExecutor.java:617)
	at java.lang.Thread.run(Thread.java:745)
Caused by: java.nio.channels.ClosedChannelException
	at org.jboss.netty.channel.socket.nio.NioWorker.cleanUpWriteBuffer(NioWorker.java:643)
	at org.jboss.netty.channel.socket.nio.NioWorker.writeFromUserCode(NioWorker.java:370)
	at org.jboss.netty.channel.socket.nio.NioServerSocketPipelineSink.handleAcceptedSocket(NioServerSocketPipelineSink.java:137)
	at org.jboss.netty.channel.socket.nio.NioServerSocketPipelineSink.eventSunk(NioServerSocketPipelineSink.java:76)
	at org.jboss.netty.channel.Channels.write(Channels.java:632)
	at org.jboss.netty.handler.codec.oneone.OneToOneEncoder.handleDownstream(OneToOneEncoder.java:70)
	at com.alibaba.dubbo.remoting.transport.netty.NettyHandler.writeRequested(NettyHandler.java:99)
	at org.jboss.netty.channel.Channels.write(Channels.java:611)
	at org.jboss.netty.channel.Channels.write(Channels.java:578)
	at org.jboss.netty.channel.AbstractChannel.write(AbstractChannel.java:251)
	at com.alibaba.dubbo.remoting.transport.netty.NettyChannel.send(NettyChannel.java:98)
	... 7 more
2019-01-15 19:04:47,675 [WARN ]  (HeartBeatTask.java.run:84) -  [DUBBO] Exception when heartbeat to remote channel /192.168.20.26:30233, dubbo version: 2.5.3, current host: 127.0.0.1
com.alibaba.dubbo.remoting.RemotingException: Failed to send message Request [id=0, version=2.0.0, twoway=true, event=true, broken=false, data=null] to /192.168.20.26:30233, cause: 您的主机中的软件中止了一个已建立的连接。
	at com.alibaba.dubbo.remoting.transport.netty.NettyChannel.send(NettyChannel.java:108)
	at com.alibaba.dubbo.remoting.exchange.support.header.HeaderExchangeChannel.send(HeaderExchangeChannel.java:87)
	at com.alibaba.dubbo.remoting.exchange.support.header.HeaderExchangeChannel.send(HeaderExchangeChannel.java:77)
	at com.alibaba.dubbo.remoting.exchange.support.header.HeartBeatTask.run(HeartBeatTask.java:64)
	at java.util.concurrent.Executors$RunnableAdapter.call(Executors.java:511)
	at java.util.concurrent.FutureTask.runAndReset$$$capture(FutureTask.java:308)
	at java.util.concurrent.FutureTask.runAndReset(FutureTask.java)
	at java.util.concurrent.ScheduledThreadPoolExecutor$ScheduledFutureTask.access$301(ScheduledThreadPoolExecutor.java:180)
	at java.util.concurrent.ScheduledThreadPoolExecutor$ScheduledFutureTask.run(ScheduledThreadPoolExecutor.java:294)
	at java.util.concurrent.ThreadPoolExecutor.runWorker(ThreadPoolExecutor.java:1142)
	at java.util.concurrent.ThreadPoolExecutor$Worker.run(ThreadPoolExecutor.java:617)
	at java.lang.Thread.run(Thread.java:745)
Caused by: java.io.IOException: 您的主机中的软件中止了一个已建立的连接。
	at sun.nio.ch.SocketDispatcher.write0(Native Method)
	at sun.nio.ch.SocketDispatcher.write(SocketDispatcher.java:51)
	at sun.nio.ch.IOUtil.writeFromNativeBuffer(IOUtil.java:93)
	at sun.nio.ch.IOUtil.write(IOUtil.java:51)
	at sun.nio.ch.SocketChannelImpl.write(SocketChannelImpl.java:471)
	at org.jboss.netty.channel.socket.nio.SocketSendBufferPool$PooledSendBuffer.transferTo(SocketSendBufferPool.java:239)
	at org.jboss.netty.channel.socket.nio.NioWorker.write0(NioWorker.java:470)
	at org.jboss.netty.channel.socket.nio.NioWorker.writeFromUserCode(NioWorker.java:388)
	at org.jboss.netty.channel.socket.nio.NioServerSocketPipelineSink.handleAcceptedSocket(NioServerSocketPipelineSink.java:137)
	at org.jboss.netty.channel.socket.nio.NioServerSocketPipelineSink.eventSunk(NioServerSocketPipelineSink.java:76)
	at org.jboss.netty.channel.Channels.write(Channels.java:632)
	at org.jboss.netty.handler.codec.oneone.OneToOneEncoder.handleDownstream(OneToOneEncoder.java:70)
	at com.alibaba.dubbo.remoting.transport.netty.NettyHandler.writeRequested(NettyHandler.java:99)
	at org.jboss.netty.channel.Channels.write(Channels.java:611)
	at org.jboss.netty.channel.Channels.write(Channels.java:578)
	at org.jboss.netty.channel.AbstractChannel.write(AbstractChannel.java:251)
	at com.alibaba.dubbo.remoting.transport.netty.NettyChannel.send(NettyChannel.java:98)
	at com.alibaba.dubbo.remoting.transport.AbstractPeer.send(AbstractPeer.java:51)
	at com.alibaba.dubbo.remoting.exchange.support.header.HeartbeatHandler.received(HeartbeatHandler.java:68)
	at com.alibaba.dubbo.remoting.transport.MultiMessageHandler.received(MultiMessageHandler.java:25)
	at com.alibaba.dubbo.remoting.transport.AbstractPeer.received(AbstractPeer.java:123)
	at com.alibaba.dubbo.remoting.transport.netty.NettyHandler.messageReceived(NettyHandler.java:91)
	at org.jboss.netty.channel.Channels.fireMessageReceived(Channels.java:302)
	at com.alibaba.dubbo.remoting.transport.netty.NettyCodecAdapter$InternalDecoder.messageReceived(NettyCodecAdapter.java:148)
	at org.jboss.netty.channel.Channels.fireMessageReceived(Channels.java:274)
	at org.jboss.netty.channel.Channels.fireMessageReceived(Channels.java:261)
	at org.jboss.netty.channel.socket.nio.NioWorker.read(NioWorker.java:349)
	at org.jboss.netty.channel.socket.nio.NioWorker.processSelectedKeys(NioWorker.java:280)
	at org.jboss.netty.channel.socket.nio.NioWorker.run(NioWorker.java:200)
	... 3 more
2019-01-15 19:04:48,443 [WARN ]  (ChannelEventRunnable.java.run:84) -  [DUBBO] ChannelEventRunnable handle RECEIVED operation error, channel is NettyChannel [channel=[id: 0x07adb75a, /192.168.20.26:30233 :> /192.168.20.26:21884]], message is Request [id=2, version=2.0.0, twoway=true, event=false, broken=false, data=RpcInvocation [methodName=SearchByID, parameterTypes=[class com.tscloud.address.domain.entity.SearchByIDParams], arguments=[com.tscloud.address.domain.entity.SearchByIDParams@3e2f60de], attachments={path=com.tscloud.address.domain.provider.ISearchProvider, input=364, dubbo=2.5.3, interface=com.tscloud.address.domain.provider.ISearchProvider, version=0.0.0, timeout=60000}]], dubbo version: 2.5.3, current host: 127.0.0.1
com.alibaba.dubbo.remoting.RemotingException: Failed to send message Response [id=2, version=2.0.0, status=20, event=false, error=null, result=RpcResult [result=null, exception=java.lang.RuntimeException: org.apache.ibatis.binding.BindingException: Invalid bound statement (not found): com.tscloud.address.server.mapper.SearchMapper.SearchByID
org.apache.ibatis.binding.BindingException: Invalid bound statement (not found): com.tscloud.address.server.mapper.SearchMapper.SearchByID
	at org.apache.ibatis.binding.MapperMethod$SqlCommand.<init>(MapperMethod.java:189)
	at org.apache.ibatis.binding.MapperMethod.<init>(MapperMethod.java:43)
	at org.apache.ibatis.binding.MapperProxy.cachedMapperMethod(MapperProxy.java:58)
	at org.apache.ibatis.binding.MapperProxy.invoke(MapperProxy.java:51)
	at com.sun.proxy.$Proxy17.SearchByID(Unknown Source)
	at com.tscloud.address.server.service.SearchServiceImpl.SearchByID(SearchServiceImpl.java:33)
	at com.tscloud.address.server.service.SearchServiceImpl$$FastClassBySpringCGLIB$$660c8908.invoke(<generated>)
	at org.springframework.cglib.proxy.MethodProxy.invoke(MethodProxy.java:204)
	at org.springframework.aop.framework.CglibAopProxy$CglibMethodInvocation.invokeJoinpoint(CglibAopProxy.java:717)
	at org.springframework.aop.framework.ReflectiveMethodInvocation.proceed(ReflectiveMethodInvocation.java:157)
	at org.springframework.transaction.interceptor.TransactionInterceptor$1.proceedWithInvocation(TransactionInterceptor.java:99)
	at org.springframework.transaction.interceptor.TransactionAspectSupport.invokeWithinTransaction(TransactionAspectSupport.java:281)
	at org.springframework.transaction.interceptor.TransactionInterceptor.invoke(TransactionInterceptor.java:96)
	at org.springframework.aop.framework.ReflectiveMethodInvocation.proceed(ReflectiveMethodInvocation.java:179)
	at org.springframework.aop.interceptor.ExposeInvocationInterceptor.invoke(ExposeInvocationInterceptor.java:92)
	at org.springframework.aop.framework.ReflectiveMethodInvocation.proceed(ReflectiveMethodInvocation.java:179)
	at org.springframework.aop.framework.CglibAopProxy$DynamicAdvisedInterceptor.intercept(CglibAopProxy.java:653)
	at com.tscloud.address.server.service.SearchServiceImpl$$EnhancerBySpringCGLIB$$c9754fb.SearchByID(<generated>)
	at com.tscloud.address.server.provider.SearchProviderImpl.SearchByID(SearchProviderImpl.java:40)
	at com.alibaba.dubbo.common.bytecode.Wrapper3.invokeMethod(Wrapper3.java)
	at com.alibaba.dubbo.rpc.proxy.javassist.JavassistProxyFactory$1.doInvoke(JavassistProxyFactory.java:46)
	at com.alibaba.dubbo.rpc.proxy.AbstractProxyInvoker.invoke(AbstractProxyInvoker.java:72)
	at com.alibaba.dubbo.rpc.protocol.InvokerWrapper.invoke(InvokerWrapper.java:53)
	at com.alibaba.dubbo.rpc.filter.ExceptionFilter.invoke(ExceptionFilter.java:64)
	at com.alibaba.dubbo.rpc.protocol.ProtocolFilterWrapper$1.invoke(ProtocolFilterWrapper.java:91)
	at com.alibaba.dubbo.monitor.support.MonitorFilter.invoke(MonitorFilter.java:75)
	at com.alibaba.dubbo.rpc.protocol.ProtocolFilterWrapper$1.invoke(ProtocolFilterWrapper.java:91)
	at com.alibaba.dubbo.rpc.filter.TimeoutFilter.invoke(TimeoutFilter.java:42)
	at com.alibaba.dubbo.rpc.protocol.ProtocolFilterWrapper$1.invoke(ProtocolFilterWrapper.java:91)
	at com.alibaba.dubbo.rpc.protocol.dubbo.filter.TraceFilter.invoke(TraceFilter.java:78)
	at com.alibaba.dubbo.rpc.protocol.ProtocolFilterWrapper$1.invoke(ProtocolFilterWrapper.java:91)
	at com.alibaba.dubbo.rpc.filter.ContextFilter.invoke(ContextFilter.java:60)
	at com.alibaba.dubbo.rpc.protocol.ProtocolFilterWrapper$1.invoke(ProtocolFilterWrapper.java:91)
	at com.alibaba.dubbo.rpc.filter.GenericFilter.invoke(GenericFilter.java:112)
	at com.alibaba.dubbo.rpc.protocol.ProtocolFilterWrapper$1.invoke(ProtocolFilterWrapper.java:91)
	at com.alibaba.dubbo.rpc.filter.ClassLoaderFilter.invoke(ClassLoaderFilter.java:38)
	at com.alibaba.dubbo.rpc.protocol.ProtocolFilterWrapper$1.invoke(ProtocolFilterWrapper.java:91)
	at com.alibaba.dubbo.rpc.filter.EchoFilter.invoke(EchoFilter.java:38)
	at com.alibaba.dubbo.rpc.protocol.ProtocolFilterWrapper$1.invoke(ProtocolFilterWrapper.java:91)
	at com.alibaba.dubbo.rpc.protocol.dubbo.DubboProtocol$1.reply(DubboProtocol.java:108)
	at com.alibaba.dubbo.remoting.exchange.support.header.HeaderExchangeHandler.handleRequest(HeaderExchangeHandler.java:84)
	at com.alibaba.dubbo.remoting.exchange.support.header.HeaderExchangeHandler.received(HeaderExchangeHandler.java:170)
	at com.alibaba.dubbo.remoting.transport.DecodeHandler.received(DecodeHandler.java:52)
	at com.alibaba.dubbo.remoting.transport.dispatcher.ChannelEventRunnable.run(ChannelEventRunnable.java:82)
	at java.util.concurrent.ThreadPoolExecutor.runWorker(ThreadPoolExecutor.java:1142)
	at java.util.concurrent.ThreadPoolExecutor$Worker.run(ThreadPoolExecutor.java:617)
	at java.lang.Thread.run(Thread.java:745)
]] to /192.168.20.26:30233, cause: null
	at com.alibaba.dubbo.remoting.transport.netty.NettyChannel.send(NettyChannel.java:108)
	at com.alibaba.dubbo.remoting.transport.AbstractPeer.send(AbstractPeer.java:51)
	at com.alibaba.dubbo.remoting.exchange.support.header.HeaderExchangeHandler.received(HeaderExchangeHandler.java:171)
	at com.alibaba.dubbo.remoting.transport.DecodeHandler.received(DecodeHandler.java:52)
	at com.alibaba.dubbo.remoting.transport.dispatcher.ChannelEventRunnable.run(ChannelEventRunnable.java:82)
	at java.util.concurrent.ThreadPoolExecutor.runWorker(ThreadPoolExecutor.java:1142)
	at java.util.concurrent.ThreadPoolExecutor$Worker.run(ThreadPoolExecutor.java:617)
	at java.lang.Thread.run(Thread.java:745)
Caused by: java.nio.channels.ClosedChannelException
	at org.jboss.netty.channel.socket.nio.NioWorker.cleanUpWriteBuffer(NioWorker.java:643)
	at org.jboss.netty.channel.socket.nio.NioWorker.writeFromUserCode(NioWorker.java:370)
	at org.jboss.netty.channel.socket.nio.NioServerSocketPipelineSink.handleAcceptedSocket(NioServerSocketPipelineSink.java:137)
	at org.jboss.netty.channel.socket.nio.NioServerSocketPipelineSink.eventSunk(NioServerSocketPipelineSink.java:76)
	at org.jboss.netty.channel.Channels.write(Channels.java:632)
	at org.jboss.netty.handler.codec.oneone.OneToOneEncoder.handleDownstream(OneToOneEncoder.java:70)
	at com.alibaba.dubbo.remoting.transport.netty.NettyHandler.writeRequested(NettyHandler.java:99)
	at org.jboss.netty.channel.Channels.write(Channels.java:611)
	at org.jboss.netty.channel.Channels.write(Channels.java:578)
	at org.jboss.netty.channel.AbstractChannel.write(AbstractChannel.java:251)
	at com.alibaba.dubbo.remoting.transport.netty.NettyChannel.send(NettyChannel.java:98)
	... 7 more
2019-01-15 19:12:11,168 [WARN ]  (AbstractServer.java.disconnected:197) -  [DUBBO] All clients has discontected from /192.168.20.26:21884. You can graceful shutdown now., dubbo version: 2.5.3, current host: 127.0.0.1
